<?xml version="1.0" encoding="UTF-8"?>
<!-- Generated by org.testng.reporters.JUnitReportReporter -->
<testsuite skipped="0" hostname="ChaminiKumara.gateway" name="com.combank.tests.ComBankTest" tests="1" failures="0" timestamp="14 Oct 2019 07:42:37 GMT" time="10.017" errors="0">
  <testcase name="Test" time="10.017" classname="com.combank.tests.ComBankTest"/>
</testsuite> <!-- com.combank.tests.ComBankTest -->
