<?xml version="1.0" encoding="UTF-8"?>
<!-- Generated by org.testng.reporters.JUnitReportReporter -->
<testsuite skipped="0" hostname="ChaminiKumara.gateway" name="com.serviceNSW.tests.SearchTest" tests="2" failures="0" timestamp="30 Sep 2019 06:10:00 GMT" time="265.845" errors="0">
  <testcase name="locationSearchTest" time="132.257" classname="com.serviceNSW.tests.SearchTest"/>
  <testcase name="locationSearchTest" time="133.588" classname="com.serviceNSW.tests.SearchTest"/>
</testsuite> <!-- com.serviceNSW.tests.SearchTest -->
